<?xml version="1.0" encoding="UTF-8"?>
<testng-results skipped="0" failed="0" total="1" passed="1">
  <reporter-output>
  </reporter-output>
  <suite name="Suite" duration-ms="33" started-at="2018-05-01T18:43:43Z" finished-at="2018-05-01T18:43:43Z">
    <groups>
    </groups>
    <test name="Test" duration-ms="33" started-at="2018-05-01T18:43:43Z" finished-at="2018-05-01T18:43:43Z">
      <class name="applicationPackage.Appsource">
        <test-method status="PASS" signature="verifysum()[pri:0, instance:applicationPackage.Appsource@13c78c0b]" name="verifysum" duration-ms="15" started-at="2018-05-01T11:43:43Z" finished-at="2018-05-01T11:43:43Z">
          <reporter-output>
          </reporter-output>
        </test-method> <!-- verifysum -->
      </class> <!-- applicationPackage.Appsource -->
    </test> <!-- Test -->
  </suite> <!-- Suite -->
</testng-results>
